生成启动时间为 2014/1/9 22:10:16。
     1>项目“C:\Users\Administrator\Desktop\Tang Nan\libNIDaq\libNIDaq\libNIDaq.vcxproj”在节点 2 上(build 个目标)。
     1>InitializeBuildStatus:
         正在创建“Debug\libNIDaq.unsuccessfulbuild”，因为已指定“AlwaysCreate”。
       ClCompile:
         所有输出均为最新。
         所有输出均为最新。
         d:\Program Files\Microsoft Visual Studio 10.0\VC\bin\CL.exe /c /ZI /nologo /W3 /WX- /Od /Oy- /D WIN32 /D _DEBUG /D _WINDOWS /D _USRDLL /D LIBNIDAQ_EXPORTS /D _WINDLL /D _UNICODE /D UNICODE /Gm /EHsc /RTC1 /MDd /GS /fp:precise /Zc:wchar_t /Zc:forScope /Yu"StdAfx.h" /Fp"Debug\libNIDaq.pch" /Fo"Debug\\" /Fd"Debug\vc100.pdb" /Gd /TP /analyze- /errorReport:prompt libNIDaq.cpp
         libNIDaq.cpp
     1>c:\users\administrator\desktop\tang nan\libnidaq\libnidaq\libnidaq.cpp(65): warning C4715: “getNext”: 不是所有的控件路径都返回值
       ManifestResourceCompile:
         所有输出均为最新。
       Link:
         d:\Program Files\Microsoft Visual Studio 10.0\VC\bin\link.exe /ERRORREPORT:PROMPT /OUT:"C:\Users\Administrator\Desktop\Tang Nan\libNIDaq\Debug\libNIDaq.dll" /INCREMENTAL /NOLOGO NIDAQmx.lib kernel32.lib user32.lib gdi32.lib winspool.lib comdlg32.lib advapi32.lib shell32.lib ole32.lib oleaut32.lib uuid.lib odbc32.lib odbccp32.lib /MANIFEST /ManifestFile:"Debug\libNIDaq.dll.intermediate.manifest" /MANIFESTUAC:"level='asInvoker' uiAccess='false'" /DEBUG /PDB:"C:\Users\Administrator\Desktop\Tang Nan\libNIDaq\Debug\libNIDaq.pdb" /SUBSYSTEM:WINDOWS /TLBID:1 /DYNAMICBASE /NXCOMPAT /IMPLIB:"C:\Users\Administrator\Desktop\Tang Nan\libNIDaq\Debug\libNIDaq.lib" /MACHINE:X86 /DLL Debug\libNIDaq.dll.embed.manifest.res
         Debug\dllmain.obj
         Debug\libNIDaq.obj
         Debug\stdafx.obj
       Manifest:
         C:\Program Files\Microsoft SDKs\Windows\v7.0A\bin\mt.exe /nologo /verbose /out:"Debug\libNIDaq.dll.embed.manifest" /manifest Debug\libNIDaq.dll.intermediate.manifest
         所有输出均为最新。
       LinkEmbedManifest:
         所有输出均为最新。
         libNIDaq.vcxproj -> C:\Users\Administrator\Desktop\Tang Nan\libNIDaq\Debug\libNIDaq.dll
       FinalizeBuildStatus:
         正在删除文件“Debug\libNIDaq.unsuccessfulbuild”。
         正在对“Debug\libNIDaq.lastbuildstate”执行 Touch 任务。
     1>已完成生成项目“C:\Users\Administrator\Desktop\Tang Nan\libNIDaq\libNIDaq\libNIDaq.vcxproj”(build 个目标)的操作。

生成成功。

已用时间 00:00:01.60
